build/app/outputs/mapping/release/seeds.txt
com.emic.gsafesa.MainActivity
com.emic.gsafesa.MainActivity: MainActivity()
...
com.google.photos.vision.barhopper.zzt: java.lang.String zzm
com.google.android.gms.internal.mlkit_vision_barcode_bundled.zzdu: com.google.android.gms.internal.mlkit_vision_barcode_bundled.zzdu zzb
com.google.android.datatransport.cct.internal.NetworkConnectionInfo$MobileSubtype: com.google.android.datatransport.cct.internal.NetworkConnectionInfo$MobileSubtype CDMA
com.google.crypto.tink.proto.KeyStatusType: com.google.crypto.tink.shaded.protobuf.Internal$EnumLiteMap internalValueMap
androidx.datastore.preferences.protobuf.WireFormat$FieldType: androidx.datastore.preferences.protobuf.WireFormat$FieldType UINT32
com.dexterous.flutterlocalnotifications.models.styles.BigPictureStyleInformation: java.lang.Boolean hideExpandedLargeIcon
com.google.android.datatransport.cct.internal.ClientInfo$ClientType: int value
io.flutter.embedding.engine.systemchannels.TextInputChannel$TextInputType: io.flutter.embedding.engine.systemchannels.TextInputChannel$TextInputType PHONE
com.google.android.gms.internal.mlkit_vision_barcode.zzpk: com.google.android.gms.internal.mlkit_vision_barcode.zzpk zzaf
com.google.android.gms.internal.mlkit_vision_barcode_bundled.zzs: com.google.android.gms.internal.mlkit_vision_barcode_bundled.zzs zzeG
com.google.android.gms.common.moduleinstall.ModuleInstallIntentResponse: android.os.Parcelable$Creator CREATOR
com.google.android.gms.internal.mlkit_vision_common.zziv: com.google.android.gms.internal.mlkit_vision_common.zziv zzbE
dev.steenbakker.mobile_scanner.objects.DetectionSpeed: dev.steenbakker.mobile_scanner.objects.DetectionSpeed[] $VALUES
com.google.android.gms.internal.mlkit_vision_barcode_bundled.zzs: com.google.android.gms.internal.mlkit_vision_barcode_bundled.zzs zzmv
androidx.camera.core.impl.CameraCaptureMetaData$AwbState: androidx.camera.core.impl.CameraCaptureMetaData$AwbState[] $VALUES
com.google.android.gms.internal.mlkit_vision_barcode.zzpk: com.google.android.gms.internal.mlkit_vision_barcode.zzpk zzy
com.google.firebase.concurrent.UiExecutor: com.google.firebase.concurrent.UiExecutor[] $VALUES
com.google.crypto.tink.proto.KmsAeadKey: int version_
com.google.android.gms.internal.mlkit_vision_barcode.zzpk: com.google.android.gms.internal.mlkit_vision_barcode.zzpk zzaz
androidx.concurrent.futures.AbstractResolvableFuture: java.lang.Object value
com.dexterous.flutterlocalnotifications.models.NotificationChannelDetails: java.lang.Boolean showBadge
com.google.android.gms.internal.mlkit_vision_barcode_bundled.zzp: java.lang.String zzi
com.google.android.gms.internal.mlkit_vision_barcode_bundled.zzs: com.google.android.gms.internal.mlkit_vision_barcode_bundled.zzs zzbE
io.flutter.embedding.engine.renderer.FlutterRenderer$ImageReaderSurfaceProducer: boolean VERBOSE_LOGS
com.google.crypto.tink.proto.AesSivKeyFormat: com.google.crypto.tink.proto.AesSivKeyFormat DEFAULT_INSTANCE
com.google.android.gms.internal.location.zzei: android.os.Parcelable$Creator CREATOR
android.support.v4.media.session.PlaybackStateCompat$CustomAction: android.os.Parcelable$Creator CREATOR
com.google.zxing.datamatrix.decoder.DecodedBitStreamParser$Mode: com.google.zxing.datamatrix.decoder.DecodedBitStreamParser$Mode[] $VALUES
com.google.android.gms.cloudmessaging.zzd: android.os.Parcelable$Creator CREATOR
com.google.android.gms.internal.mlkit_vision_barcode_bundled.zzs: com.google.android.gms.internal.mlkit_vision_barcode_bundled.zzs zzfU
androidx.window.embedding.ExtensionEmbeddingBackend: androidx.window.embedding.ExtensionEmbeddingBackend$Companion Companion
com.google.android.gms.internal.mlkit_vision_barcode_bundled.zzs: com.google.android.gms.internal.mlkit_vision_barcode_bundled.zzs zzcx
com.google.android.gms.internal.mlkit_vision_barcode.zzpk: com.google.android.gms.internal.mlkit_vision_barcode.zzpk zzar
io.flutter.view.AccessibilityBridge$Flag: io.flutter.view.AccessibilityBridge$Flag IS_IN_MUTUALLY_EXCLUSIVE_GROUP