build/app/outputs/mapping/release/mapping.txt
# compiler: R8
# compiler_version: 3.3.70
# min_api: 21
# common_typos_disable
# {"id":"com.android.tools.r8.mapping","version":"2.0"}
# pg_map_id: c6682b4
# pg_map_hash: SHA-256 c6682b4a435ab2e88bfecd97500ed94682ba22e2c89955e69457fa551db085a3
...
androidx.camera.camera2.internal.Camera2CameraImpl$$ExternalSyntheticLambda5 -> androidx.camera.camera2.internal.c0:
# {"id":"sourceFile","fileName":"R8$$SyntheticClass"}
# {"id":"com.android.tools.r8.synthesized"}
    java.lang.String androidx.camera.camera2.internal.Camera2CameraImpl$$InternalSyntheticLambda$9$64041b0d7c8ff6ba5d08d2bf8606a02e8628d484e22f42a45a59389ccf95e89f$0.f$1 -> f
    androidx.camera.camera2.internal.Camera2CameraImpl androidx.camera.camera2.internal.Camera2CameraImpl$$InternalSyntheticLambda$9$64041b0d7c8ff6ba5d08d2bf8606a02e8628d484e22f42a45a59389ccf95e89f$0.f$0 -> e
    androidx.camera.core.impl.UseCaseConfig androidx.camera.camera2.internal.Camera2CameraImpl$$InternalSyntheticLambda$9$64041b0d7c8ff6ba5d08d2bf8606a02e8628d484e22f42a45a59389ccf95e89f$0.f$3 -> h
    androidx.camera.core.impl.SessionConfig androidx.camera.camera2.internal.Camera2CameraImpl$$InternalSyntheticLambda$9$64041b0d7c8ff6ba5d08d2bf8606a02e8628d484e22f42a45a59389ccf95e89f$0.f$2 -> g
    void androidx.camera.camera2.internal.Camera2CameraImpl$$InternalSyntheticLambda$9$64041b0d7c8ff6ba5d08d2bf8606a02e8628d484e22f42a45a59389ccf95e89f$0.<init>(androidx.camera.camera2.internal.Camera2CameraImpl,java.lang.String,androidx.camera.core.impl.SessionConfig,androidx.camera.core.impl.UseCaseConfig) -> <init>
      # {"id":"com.android.tools.r8.synthesized"}
androidx.camera.camera2.internal.Camera2CameraImpl$$ExternalSyntheticLambda6 -> androidx.camera.camera2.internal.d0:
# {"id":"sourceFile","fileName":"R8$$SyntheticClass"}
# {"id":"com.android.tools.r8.synthesized"}
    androidx.camera.core.impl.SessionConfig$ErrorListener androidx.camera.camera2.internal.Camera2CameraImpl$$InternalSyntheticLambda$9$6ba4626b58bdc7ed668ea9980247d0535abde7a1ea0cf672e252ba3081f4257c$0.f$0 -> e
    androidx.camera.core.impl.SessionConfig androidx.camera.camera2.internal.Camera2CameraImpl$$InternalSyntheticLambda$9$6ba4626b58bdc7ed668ea9980247d0535abde7a1ea0cf672e252ba3081f4257c$0.f$1 -> f
    void androidx.camera.camera2.internal.Camera2CameraImpl$$InternalSyntheticLambda$9$6ba4626b58bdc7ed668ea9980247d0535abde7a1ea0cf672e252ba3081f4257c$0.<init>(androidx.camera.core.impl.SessionConfig$ErrorListener,androidx.camera.core.impl.SessionConfig) -> <init>
      # {"id":"com.android.tools.r8.synthesized"}
    void androidx.camera.camera2.internal.Camera2CameraImpl$$InternalSyntheticLambda$9$6ba4626b58bdc7ed668ea9980247d0535abde7a1ea0cf672e252ba3081f4257c$0.run() -> run
      # {"id":"com.android.tools.r8.synthesized"}
androidx.camera.camera2.internal.Camera2CameraImpl$$ExternalSyntheticLambda7 -> androidx.camera.camera2.internal.e0:
# {"id":"sourceFile","fileName":"R8$$SyntheticClass"}
# {"id":"com.android.tools.r8.synthesized"}
    java.lang.String androidx.camera.camera2.internal.Camera2CameraImpl$$InternalSyntheticLambda$9$8bef80b58667c0010f9872261fb936e962443a8938ed791e94c0d7383df8f344$0.f$1 -> f
    androidx.camera.camera2.internal.Camera2CameraImpl androidx.camera.camera2.internal.Camera2CameraImpl$$InternalSyntheticLambda$9$8bef80b58667c0010f9872261fb936e962443a8938ed791e94c0d7383df8f344$0.f$0 -> e
    androidx.camera.core.impl.UseCaseConfig androidx.camera.camera2.internal.Camera2CameraImpl$$InternalSyntheticLambda$9$8bef80b58667c0010f9872261fb936e962443a8938ed791e94c0d7383df8f344$0.f$3 -> h
    androidx.camera.core.impl.SessionConfig androidx.camera.camera2.internal.Camera2CameraImpl$$InternalSyntheticLambda$9$8bef80b58667c0010f9872261fb936e962443a8938ed791e94c0d7383df8f344$0.f$2 -> g
    void androidx.camera.camera2.internal.Camera2CameraImpl$$InternalSyntheticLambda$9$8bef80b58667c0010f9872261fb936e962443a8938ed791e94c0d7383df8f344$0.<init>(androidx.camera.camera2.internal.Camera2CameraImpl,java.lang.String,androidx.camera.core.impl.SessionConfig,androidx.camera.core.impl.UseCaseConfig) -> <init>
      # {"id":"com.android.tools.r8.synthesized"}