build/app/outputs/mapping/release/usage.txt
com.emic.gsafesa.BuildConfig
com.emic.gsafesa.R$anim
com.emic.gsafesa.R$animator
com.emic.gsafesa.R$attr
com.emic.gsafesa.R$bool
com.emic.gsafesa.R$color
com.emic.gsafesa.R$dimen
com.emic.gsafesa.R$drawable
com.emic.gsafesa.R$id
com.emic.gsafesa.R$integer
com.emic.gsafesa.R$interpolator
com.emic.gsafesa.R$layout
com.emic.gsafesa.R$mipmap
com.emic.gsafesa.R$raw
com.emic.gsafesa.R$string
com.emic.gsafesa.R$style
com.emic.gsafesa.R$styleable
com.emic.gsafesa.R$xml
com.emic.gsafesa.R
...
androidx.fragment.app.Fragment$SavedState
androidx.fragment.app.Fragment:
    static final int ACTIVITY_CREATED
    static final int ATTACHED
    static final int AWAITING_ENTER_EFFECTS
    static final int AWAITING_EXIT_EFFECTS
    static final int CREATED
    static final int INITIALIZING
    static final int RESUMED
    static final int STARTED
    static final int VIEW_CREATED
    public void <init>(int)
    java.lang.String generateActivityResultKey()
    public final android.os.Bundle getArguments()
    public androidx.lifecycle.ViewModelProvider$Factory getDefaultViewModelProviderFactory()
    public final androidx.fragment.app.FragmentManager getFragmentManager()
    public final int getId()
    public final android.view.LayoutInflater getLayoutInflater()
    public androidx.loader.app.LoaderManager getLoaderManager()
    public final boolean getRetainInstance()
    public final java.lang.String getString(int)
    public final varargs java.lang.String getString(int,java.lang.Object[])
    public final java.lang.String getTag()
    public final int getTargetRequestCode()
    public final java.lang.CharSequence getText(int)
    public boolean getUserVisibleHint()
    public androidx.lifecycle.LifecycleOwner getViewLifecycleOwner()
    public final boolean hasOptionsMenu()
    public static androidx.fragment.app.Fragment instantiate(android.content.Context,java.lang.String)
    public final boolean isAdded()
    public final boolean isDetached()
    public final boolean isHidden()
androidx.fragment.app.FragmentActivity$HostCallbacks:
    public void onDump(java.lang.String,java.io.FileDescriptor,java.io.PrintWriter,java.lang.String[])
    public int onGetWindowAnimations()
    public boolean onHasWindowAnimations()
    public boolean onShouldShowRequestPermissionRationale(java.lang.String)
androidx.fragment.app.FragmentActivity:
    static final java.lang.String FRAGMENTS_TAG
    public void <init>(int)
    public androidx.loader.app.LoaderManager getSupportLoaderManager()
    public void setEnterSharedElementCallback(androidx.core.app.SharedElementCallback)
    public void setExitSharedElementCallback(androidx.core.app.SharedElementCallback)
    public void startActivityFromFragment(androidx.fragment.app.Fragment,android.content.Intent,int)
    public void startActivityFromFragment(androidx.fragment.app.Fragment,android.content.Intent,int,android.os.Bundle)
    public void startIntentSenderFromFragment(androidx.fragment.app.Fragment,android.content.IntentSender,int,android.content.Intent,int,int,int,android.os.Bundle)
    public void supportFinishAfterTransition()
    public void supportPostponeEnterTransition()
    public void supportStartPostponedEnterTransition()
androidx.fragment.app.FragmentAnim:
    private void <init>()
androidx.fragment.app.FragmentContainerView:
    public void <init>(android.content.Context)
    public void <init>(android.content.Context,android.util.AttributeSet)
    public void <init>(android.content.Context,android.util.AttributeSet,int)